<?xml version="1.0" encoding="UTF-8"?>
<coverage generated="1754916869587" clover="3.2.0">
  <project timestamp="1754916869587" name="All files">
    <metrics statements="8" coveredstatements="8" conditionals="8" coveredconditionals="7" methods="4" coveredmethods="4" elements="20" coveredelements="19" complexity="0" loc="8" ncloc="8" packages="1" files="3" classes="3"/>
    <file name="getColorHealthLine.js" path="/Users/edmart/unit-test/src/getColorHealthLine.js">
      <metrics statements="6" coveredstatements="6" conditionals="8" coveredconditionals="7" methods="1" coveredmethods="1"/>
      <line num="2" count="3" type="cond" truecount="2" falsecount="0"/>
      <line num="3" count="1" type="stmt"/>
      <line num="4" count="2" type="cond" truecount="4" falsecount="0"/>
      <line num="5" count="1" type="stmt"/>
      <line num="7" count="1" type="cond" truecount="1" falsecount="1"/>
      <line num="8" count="1" type="stmt"/>
    </file>
    <file name="index.js" path="/Users/edmart/unit-test/src/index.js">
      <metrics statements="1" coveredstatements="1" conditionals="0" coveredconditionals="0" methods="1" coveredmethods="1"/>
      <line num="2" count="1" type="stmt"/>
    </file>
    <file name="sortHealthHeroes.js" path="/Users/edmart/unit-test/src/sortHealthHeroes.js">
      <metrics statements="1" coveredstatements="1" conditionals="0" coveredconditionals="0" methods="2" coveredmethods="2"/>
      <line num="2" count="4" type="stmt"/>
    </file>
  </project>
</coverage>
