{"/Users/edmart/unit-test/src/getColorHealthLine.js": {"path":"/Users/edmart/unit-test/src/getColorHealthLine.js","statementMap":{"0":{"start":{"line":2,"column":3},"end":{"line":9,"column":4}},"1":{"start":{"line":3,"column":4},"end":{"line":3,"column":21}},"2":{"start":{"line":4,"column":10},"end":{"line":9,"column":4}},"3":{"start":{"line":5,"column":4},"end":{"line":5,"column":21}},"4":{"start":{"line":7,"column":8},"end":{"line":9,"column":4}},"5":{"start":{"line":8,"column":4},"end":{"line":8,"column":22}}},"fnMap":{"0":{"name":"getHealthLineColor","decl":{"start":{"line":1,"column":17},"end":{"line":1,"column":35}},"loc":{"start":{"line":1,"column":44},"end":{"line":10,"column":1}},"line":1}},"branchMap":{"0":{"loc":{"start":{"line":2,"column":3},"end":{"line":9,"column":4}},"type":"if","locations":[{"start":{"line":2,"column":3},"end":{"line":9,"column":4}},{"start":{"line":4,"column":10},"end":{"line":9,"column":4}}],"line":2},"1":{"loc":{"start":{"line":4,"column":10},"end":{"line":9,"column":4}},"type":"if","locations":[{"start":{"line":4,"column":10},"end":{"line":9,"column":4}},{"start":{"line":7,"column":8},"end":{"line":9,"column":4}}],"line":4},"2":{"loc":{"start":{"line":4,"column":14},"end":{"line":4,"column":55}},"type":"binary-expr","locations":[{"start":{"line":4,"column":14},"end":{"line":4,"column":33}},{"start":{"line":4,"column":37},"end":{"line":4,"column":55}}],"line":4},"3":{"loc":{"start":{"line":7,"column":8},"end":{"line":9,"column":4}},"type":"if","locations":[{"start":{"line":7,"column":8},"end":{"line":9,"column":4}},{"start":{},"end":{}}],"line":7}},"s":{"0":3,"1":1,"2":2,"3":1,"4":1,"5":1},"f":{"0":3},"b":{"0":[1,2],"1":[1,1],"2":[2,2],"3":[1,0]},"_coverageSchema":"1a1c01bbd47fc00a2c39e90264f33305004495a9","hash":"cf06085a15e80698371208fae4e0d40f78bc2c46"}
,"/Users/edmart/unit-test/src/index.js": {"path":"/Users/edmart/unit-test/src/index.js","statementMap":{"0":{"start":{"line":2,"column":4},"end":{"line":2,"column":15}}},"fnMap":{"0":{"name":"name","decl":{"start":{"line":1,"column":17},"end":{"line":1,"column":21}},"loc":{"start":{"line":1,"column":28},"end":{"line":3,"column":1}},"line":1}},"branchMap":{},"s":{"0":1},"f":{"0":1},"b":{},"_coverageSchema":"1a1c01bbd47fc00a2c39e90264f33305004495a9","hash":"48719b3baddfc05a94ce91779f73f623e34c15e7"}
,"/Users/edmart/unit-test/src/sortHealthHeroes.js": {"path":"/Users/edmart/unit-test/src/sortHealthHeroes.js","statementMap":{"0":{"start":{"line":2,"column":4},"end":{"line":2,"column":51}},"1":{"start":{"line":2,"column":30},"end":{"line":2,"column":49}}},"fnMap":{"0":{"name":"sortHealthHeroes","decl":{"start":{"line":1,"column":16},"end":{"line":1,"column":32}},"loc":{"start":{"line":1,"column":38},"end":{"line":3,"column":1}},"line":1},"1":{"name":"(anonymous_1)","decl":{"start":{"line":2,"column":20},"end":{"line":2,"column":21}},"loc":{"start":{"line":2,"column":30},"end":{"line":2,"column":49}},"line":2}},"branchMap":{},"s":{"0":1,"1":4},"f":{"0":1,"1":4},"b":{},"_coverageSchema":"1a1c01bbd47fc00a2c39e90264f33305004495a9","hash":"7c9efd9a95a88fe2e106d8bc192162f19f11c27e"}
}
