TN:
SF:src/getColorHealthLine.js
FN:1,getHealthLineColor
FNF:1
FNH:1
FNDA:3,getHealthLineColor
DA:2,3
DA:3,1
DA:4,2
DA:5,1
DA:7,1
DA:8,1
LF:6
LH:6
BRDA:2,0,0,1
BRDA:2,0,1,2
BRDA:4,1,0,1
BRDA:4,1,1,1
BRDA:4,2,0,2
BRDA:4,2,1,2
BRDA:7,3,0,1
BRDA:7,3,1,0
BRF:8
BRH:7
end_of_record
TN:
SF:src/index.js
FN:1,name
FNF:1
FNH:1
FNDA:1,name
DA:2,1
LF:1
LH:1
BRF:0
BRH:0
end_of_record
TN:
SF:src/sortHealthHeroes.js
FN:1,sortHealthHeroes
FN:2,(anonymous_1)
FNF:2
FNH:2
FNDA:1,sortHealthHeroes
FNDA:4,(anonymous_1)
DA:2,4
LF:1
LH:1
BRF:0
BRH:0
end_of_record
